c:\users\luis.gnaharro\dropbox\archivos_comunes\proyectos\compiler\compiler\x64\debug\vc143.pdb
c:\users\luis.gnaharro\dropbox\archivos_comunes\proyectos\compiler\compiler\x64\debug\vc143.idb
c:\users\luis.gnaharro\dropbox\archivos_comunes\proyectos\compiler\compiler\x64\debug\tokens.obj
c:\users\luis.gnaharro\dropbox\archivos_comunes\proyectos\compiler\compiler\x64\debug\lexer.obj
c:\users\luis.gnaharro\dropbox\archivos_comunes\proyectos\compiler\compiler\x64\debug\pinky.obj
c:\users\luis.gnaharro\dropbox\archivos_comunes\proyectos\compiler\compiler\x64\debug\parser.obj
c:\users\luis.gnaharro\dropbox\archivos_comunes\proyectos\compiler\compiler\x64\debug\model.obj
c:\users\luis.gnaharro\dropbox\archivos_comunes\proyectos\compiler\compiler\x64\debug\arrays.obj
c:\users\luis.gnaharro\dropbox\archivos_comunes\proyectos\compiler\compiler\x64\debug\interpreter.obj
c:\users\luis.gnaharro\dropbox\archivos_comunes\proyectos\compiler\x64\debug\pinky.exe
c:\users\luis.gnaharro\dropbox\archivos_comunes\proyectos\compiler\x64\debug\pinky.pdb
c:\users\luis.gnaharro\dropbox\archivos_comunes\proyectos\compiler\compiler\x64\debug\pinky.ilk
c:\users\luis.gnaharro\dropbox\archivos_comunes\proyectos\compiler\compiler\x64\debug\compiler.tlog\cl.command.1.tlog
c:\users\luis.gnaharro\dropbox\archivos_comunes\proyectos\compiler\compiler\x64\debug\compiler.tlog\cl.items.tlog
c:\users\luis.gnaharro\dropbox\archivos_comunes\proyectos\compiler\compiler\x64\debug\compiler.tlog\cl.read.1.tlog
c:\users\luis.gnaharro\dropbox\archivos_comunes\proyectos\compiler\compiler\x64\debug\compiler.tlog\cl.write.1.tlog
c:\users\luis.gnaharro\dropbox\archivos_comunes\proyectos\compiler\compiler\x64\debug\compiler.tlog\link.command.1.tlog
c:\users\luis.gnaharro\dropbox\archivos_comunes\proyectos\compiler\compiler\x64\debug\compiler.tlog\link.read.1.tlog
c:\users\luis.gnaharro\dropbox\archivos_comunes\proyectos\compiler\compiler\x64\debug\compiler.tlog\link.secondary.1.tlog
c:\users\luis.gnaharro\dropbox\archivos_comunes\proyectos\compiler\compiler\x64\debug\compiler.tlog\link.write.1.tlog
